[debug] [2020-04-22T01:24:54.860Z] ----------------------------------------------------------------------
[debug] [2020-04-22T01:24:54.870Z] Command:       C:\Program Files\nodejs\node.exe C:\Users\Miguel\AppData\Roaming\npm\node_modules\firebase-tools\lib\bin\firebase.js deploy --only functions
[debug] [2020-04-22T01:24:54.872Z] CLI Version:   8.1.1
[debug] [2020-04-22T01:24:54.872Z] Platform:      win32
[debug] [2020-04-22T01:24:54.873Z] Node Version:  v12.16.1
[debug] [2020-04-22T01:24:54.877Z] Time:          Tue Apr 21 2020 21:24:54 GMT-0400 (GMT-04:00)
[debug] [2020-04-22T01:24:54.878Z] ----------------------------------------------------------------------
[debug] [2020-04-22T01:24:54.878Z] 
[debug] [2020-04-22T01:24:54.921Z] > command requires scopes: ["email","openid","https://www.googleapis.com/auth/cloudplatformprojects.readonly","https://www.googleapis.com/auth/firebase","https://www.googleapis.com/auth/cloud-platform"]
[debug] [2020-04-22T01:24:54.923Z] > authorizing via signed-in user
[debug] [2020-04-22T01:24:54.925Z] [iam] checking project portafolio-fb03a for permissions ["cloudfunctions.functions.create","cloudfunctions.functions.delete","cloudfunctions.functions.get","cloudfunctions.functions.list","cloudfunctions.functions.update","cloudfunctions.operations.get","firebase.projects.get"]
[debug] [2020-04-22T01:24:54.941Z] >>> HTTP REQUEST POST https://cloudresourcemanager.googleapis.com/v1/projects/portafolio-fb03a:testIamPermissions  
 {"permissions":["cloudfunctions.functions.create","cloudfunctions.functions.delete","cloudfunctions.functions.get","cloudfunctions.functions.list","cloudfunctions.functions.update","cloudfunctions.operations.get","firebase.projects.get"]}
[debug] [2020-04-22T01:24:56.107Z] <<< HTTP RESPONSE 200 {"content-type":"application/json; charset=UTF-8","vary":"X-Origin, Referer, Origin,Accept-Encoding","date":"Wed, 22 Apr 2020 01:23:57 GMT","server":"ESF","cache-control":"private","x-xss-protection":"0","x-frame-options":"SAMEORIGIN","x-content-type-options":"nosniff","server-timing":"gfet4t7; dur=120","alt-svc":"quic=\":443\"; ma=2592000; v=\"46,43\",h3-Q050=\":443\"; ma=2592000,h3-Q049=\":443\"; ma=2592000,h3-Q048=\":443\"; ma=2592000,h3-Q046=\":443\"; ma=2592000,h3-Q043=\":443\"; ma=2592000,h3-T050=\":443\"; ma=2592000","accept-ranges":"none","transfer-encoding":"chunked"}
[debug] [2020-04-22T01:24:56.112Z] >>> HTTP REQUEST POST https://iam.googleapis.com/v1/projects/portafolio-fb03a/serviceAccounts/portafolio-fb03a@appspot.gserviceaccount.com:testIamPermissions  
 {"permissions":["iam.serviceAccounts.actAs"]}
[debug] [2020-04-22T01:24:58.190Z] <<< HTTP RESPONSE 200 {"content-type":"application/json; charset=UTF-8","vary":"X-Origin, Referer, Origin,Accept-Encoding","date":"Wed, 22 Apr 2020 01:23:59 GMT","server":"ESF","cache-control":"private","x-xss-protection":"0","x-frame-options":"SAMEORIGIN","x-content-type-options":"nosniff","alt-svc":"quic=\":443\"; ma=2592000; v=\"46,43\",h3-Q050=\":443\"; ma=2592000,h3-Q049=\":443\"; ma=2592000,h3-Q048=\":443\"; ma=2592000,h3-Q046=\":443\"; ma=2592000,h3-Q043=\":443\"; ma=2592000,h3-T050=\":443\"; ma=2592000","accept-ranges":"none","transfer-encoding":"chunked"}
[info] 
[info] === Deploying to 'portafolio-fb03a'...
[info] 
[info] i  deploying functions
[info] Running command: npm --prefix "$RESOURCE_DIR" run lint
